<?xml version="1.0" encoding="UTF-8" ?>
<testsuite tests="5" failures="0" name="com.godeltech.UtilTest" time="3.177" errors="0" skipped="0">
  <properties>
[...]
</properties>
  <testcase classname="com.godeltech.UtilTest" name="checkResponseForPostRequest" time="0.994"/>
  <testcase classname="com.godeltech.UtilTest" name="checkNumberOfStreamsSent" time="0.277"/>
  <testcase classname="com.godeltech.UtilTest" name="successfulAuthentication" time="0.461"/>
  <testcase classname="com.godeltech.UtilTest" name="checkCodeForGetRequest" time="0.742"/>
  <testcase classname="com.godeltech.UtilTest" name="unSuccessfulAuthentication" time="0.703"/>
</testsuite>